<?xml version="1.0" encoding="UTF-8"?>
<!-- Generated by org.testng.reporters.JUnitReportReporter -->
<testsuite hostname="kavyaRayala" failures="0" tests="1" name="com.walmart.qa.testcases.LoginPageTest" time="31.953" errors="0" timestamp="2021-05-12T18:48:28 EDT" skipped="0">
  <testcase classname="com.walmart.qa.testcases.LoginPageTest" name="loginTest" time="31.953"/>
  <system-out/>
</testsuite> <!-- com.walmart.qa.testcases.LoginPageTest -->
