<?xml version="1.0" encoding="UTF-8"?>
<!-- Generated by org.testng.reporters.JUnitReportReporter -->
<testsuite hostname="kavyaRayala" failures="0" tests="2" name="com.walmart.qa.testcases.MyRegsPageTest" time="168.565" errors="0" timestamp="2021-05-12T18:48:28 EDT" skipped="0">
  <testcase classname="com.walmart.qa.testcases.MyRegsPageTest" name="weddingandbabyregistry" time="100.500"/>
  <system-out/>
  <testcase classname="com.walmart.qa.testcases.MyRegsPageTest" name="RegistriesPageTest" time="68.065"/>
  <system-out/>
</testsuite> <!-- com.walmart.qa.testcases.MyRegsPageTest -->
