<?xml version="1.0" encoding="UTF-8"?>
<!-- Generated by org.testng.reporters.JUnitReportReporter -->
<testsuite hostname="kavyaRayala" failures="0" tests="2" name="com.walmart.qa.testcases.OrderTest" time="69.451" errors="0" timestamp="2021-05-12T18:48:28 EDT" skipped="0">
  <testcase classname="com.walmart.qa.testcases.OrderTest" name="SelectYearTest" time="37.220"/>
  <system-out/>
  <testcase classname="com.walmart.qa.testcases.OrderTest" name="RedirectlinkTest" time="32.231"/>
  <system-out/>
</testsuite> <!-- com.walmart.qa.testcases.OrderTest -->
