<?xml version="1.0" encoding="UTF-8"?>
<!-- Generated by org.testng.reporters.JUnitReportReporter -->
<testsuite hostname="kavyaRayala" failures="0" tests="2" name="com.walmart.qa.testcases.MyrecomPageTest" time="128.324" errors="0" timestamp="2021-05-12T18:48:28 EDT" skipped="0">
  <testcase classname="com.walmart.qa.testcases.MyrecomPageTest" name="RecommendationPageTest" time="55.568"/>
  <system-out/>
  <testcase classname="com.walmart.qa.testcases.MyrecomPageTest" name="addtocartTest" time="72.756"/>
  <system-out/>
</testsuite> <!-- com.walmart.qa.testcases.MyrecomPageTest -->
